<?xml version="1.0" encoding="UTF-8"?>
<!-- Generated by org.testng.reporters.JUnitReportReporter -->
<testsuite skipped="0" hostname="Chan" name="com.crm.SDET26.basicScripts.ScrollCheck" tests="1" failures="0" timestamp="17 Dec 2021 14:57:10 GMT" time="10.301" errors="0">
  <testcase name="scrollcheck" time="10.301" classname="com.crm.SDET26.basicScripts.ScrollCheck"/>
</testsuite> <!-- com.crm.SDET26.basicScripts.ScrollCheck -->
