<?xml version="1.0" encoding="UTF-8"?>
<!-- Generated by org.testng.reporters.JUnitReportReporter -->
<testsuite skipped="0" hostname="Chan" name="com.crm.SDET26.opportunity.CreateOpportunitywithSalesStageClosedWonTest" tests="1" failures="0" timestamp="16 Dec 2021 17:10:22 GMT" time="74.240" errors="0">
  <testcase name="createOpportunitywithSalesStageClosedWon" time="74.240" classname="com.crm.SDET26.opportunity.CreateOpportunitywithSalesStageClosedWonTest"/>
</testsuite> <!-- com.crm.SDET26.opportunity.CreateOpportunitywithSalesStageClosedWonTest -->
