<?xml version="1.0" encoding="UTF-8"?>
<!-- Generated by org.testng.reporters.JUnitReportReporter -->
<testsuite skipped="0" hostname="Chan" name="com.crm.SDET26.practice.FLipkart" tests="1" failures="0" timestamp="16 Jan 2022 09:07:00 GMT" time="12.427" errors="0">
  <testcase name="connectFlipkart" time="12.427" classname="com.crm.SDET26.practice.FLipkart"/>
</testsuite> <!-- com.crm.SDET26.practice.FLipkart -->
