<?xml version="1.0" encoding="UTF-8"?>
<!-- Generated by org.testng.reporters.JUnitReportReporter -->
<testsuite skipped="0" hostname="Chan" name="com.crm.SDET26.practice.Dontknw" tests="4" failures="0" timestamp="21 Jan 2022 17:24:24 GMT" time="31.318" errors="0">
  <testcase name="dontknw" time="7.135" classname="com.crm.SDET26.practice.Dontknw"/>
  <testcase name="dontknw" time="4.471" classname="com.crm.SDET26.practice.Dontknw"/>
  <testcase name="dontknw" time="4.403" classname="com.crm.SDET26.practice.Dontknw"/>
  <testcase name="dontknw" time="15.309" classname="com.crm.SDET26.practice.Dontknw"/>
</testsuite> <!-- com.crm.SDET26.practice.Dontknw -->
