<?xml version="1.0" encoding="UTF-8"?>
<!-- Generated by org.testng.reporters.JUnitReportReporter -->
<testsuite skipped="0" hostname="Chan" name="com.crm.SDET26.practice.FindBrokenLink" tests="1" failures="0" timestamp="18 Jan 2022 13:12:17 GMT" time="16.765" errors="0">
  <testcase name="verifyLinks" time="16.765" classname="com.crm.SDET26.practice.FindBrokenLink"/>
</testsuite> <!-- com.crm.SDET26.practice.FindBrokenLink -->
