<?xml version="1.0" encoding="UTF-8"?>
<!-- Generated by org.testng.reporters.JUnitReportReporter -->
<testsuite skipped="0" hostname="Chan" name="com.crm.SDET26.opportunity.ClickOnCancelAndAllTheFillsAreClearOrNotTest" tests="1" failures="0" timestamp="16 Dec 2021 17:19:07 GMT" time="26.876" errors="0">
  <testcase name="clickOnCancelAndAlltheFillsClearedorNot" time="26.876" classname="com.crm.SDET26.opportunity.ClickOnCancelAndAllTheFillsAreClearOrNotTest"/>
</testsuite> <!-- com.crm.SDET26.opportunity.ClickOnCancelAndAllTheFillsAreClearOrNotTest -->
